<?xml version="1.0" encoding="UTF-8" ?>
<testsuite tests="2" failures="0" name="training.cdlibrary.Pw1TestCase" time="0.378" errors="2" skipped="0">
  <properties>
[...]
</properties>
  <testcase classname="training.cdlibrary.Pw1TestCase" name="training.cdlibrary.Pw1TestCase" time="0.189">
    <error message="Unable to locate persistence units" type="javax.persistence.PersistenceException">javax.persistence.PersistenceException: Unable to locate persistence units
	at org.hibernate.jpa.HibernatePersistenceProvider.getEntityManagerFactoryBuilderOrNull(HibernatePersistenceProvider.java:95)
	at org.hibernate.jpa.HibernatePersistenceProvider.getEntityManagerFactoryBuilderOrNull(HibernatePersistenceProvider.java:71)
	at org.hibernate.jpa.HibernatePersistenceProvider.createEntityManagerFactory(HibernatePersistenceProvider.java:52)
	at javax.persistence.Persistence.createEntityManagerFactory(Persistence.java:79)
	at javax.persistence.Persistence.createEntityManagerFactory(Persistence.java:54)
	at training.cdlibrary.Pw1TestCase.oneTimeSetup(Pw1TestCase.java:39)
	at sun.reflect.NativeMethodAccessorImpl.invoke0(Native Method)
	at sun.reflect.NativeMethodAccessorImpl.invoke(NativeMethodAccessorImpl.java:62)
	at sun.reflect.DelegatingMethodAccessorImpl.invoke(DelegatingMethodAccessorImpl.java:43)
	at java.lang.reflect.Method.invoke(Method.java:498)
	at org.junit.internal.runners.ClassRoadie.runBefores(ClassRoadie.java:49)
	at org.junit.internal.runners.ClassRoadie.runProtected(ClassRoadie.java:36)
	at org.junit.internal.runners.JUnit4ClassRunner.run(JUnit4ClassRunner.java:42)
	at org.apache.maven.surefire.junit4.JUnit4Provider.execute(JUnit4Provider.java:252)
	at org.apache.maven.surefire.junit4.JUnit4Provider.executeTestSet(JUnit4Provider.java:141)
	at org.apache.maven.surefire.junit4.JUnit4Provider.invoke(JUnit4Provider.java:112)
	at sun.reflect.NativeMethodAccessorImpl.invoke0(Native Method)
	at sun.reflect.NativeMethodAccessorImpl.invoke(NativeMethodAccessorImpl.java:62)
	at sun.reflect.DelegatingMethodAccessorImpl.invoke(DelegatingMethodAccessorImpl.java:43)
	at java.lang.reflect.Method.invoke(Method.java:498)
	at org.apache.maven.surefire.util.ReflectionUtils.invokeMethodWithArray(ReflectionUtils.java:189)
	at org.apache.maven.surefire.booter.ProviderFactory$ProviderProxy.invoke(ProviderFactory.java:165)
	at org.apache.maven.surefire.booter.ProviderFactory.invokeProvider(ProviderFactory.java:85)
	at org.apache.maven.surefire.booter.ForkedBooter.runSuitesInProcess(ForkedBooter.java:115)
	at org.apache.maven.surefire.booter.ForkedBooter.main(ForkedBooter.java:75)
Caused by: javax.persistence.PersistenceException: Invalid persistence.xml.
Error parsing XML [line : -1, column : -1] : cvc-complex-type.2.4.a: Invalid content was found starting with element &apos;class&apos;. One of &apos;{&quot;http://java.sun.com/xml/ns/persistence&quot;:description, &quot;http://java.sun.com/xml/ns/persistence&quot;:provider, &quot;http://java.sun.com/xml/ns/persistence&quot;:jta-data-source, &quot;http://java.sun.com/xml/ns/persistence&quot;:non-jta-data-source, &quot;http://java.sun.com/xml/ns/persistence&quot;:mapping-file, &quot;http://java.sun.com/xml/ns/persistence&quot;:jar-file, &quot;http://java.sun.com/xml/ns/persistence&quot;:class, &quot;http://java.sun.com/xml/ns/persistence&quot;:exclude-unlisted-classes, &quot;http://java.sun.com/xml/ns/persistence&quot;:properties}&apos; is expected.

	at org.hibernate.jpa.boot.internal.PersistenceXmlParser.validate(PersistenceXmlParser.java:511)
	at org.hibernate.jpa.boot.internal.PersistenceXmlParser.loadUrl(PersistenceXmlParser.java:444)
	at org.hibernate.jpa.boot.internal.PersistenceXmlParser.parsePersistenceXml(PersistenceXmlParser.java:243)
	at org.hibernate.jpa.boot.internal.PersistenceXmlParser.doResolve(PersistenceXmlParser.java:233)
	at org.hibernate.jpa.boot.internal.PersistenceXmlParser.locatePersistenceUnits(PersistenceXmlParser.java:72)
	at org.hibernate.jpa.HibernatePersistenceProvider.getEntityManagerFactoryBuilderOrNull(HibernatePersistenceProvider.java:91)
	... 24 more
</error>
  </testcase>
  <testcase classname="training.cdlibrary.Pw1TestCase" name="training.cdlibrary.Pw1TestCase" time="0.189">
    <error type="java.lang.NullPointerException">java.lang.NullPointerException
	at training.cdlibrary.Pw1TestCase.oneTimetearDown(Pw1TestCase.java:49)
	at sun.reflect.NativeMethodAccessorImpl.invoke0(Native Method)
	at sun.reflect.NativeMethodAccessorImpl.invoke(NativeMethodAccessorImpl.java:62)
	at sun.reflect.DelegatingMethodAccessorImpl.invoke(DelegatingMethodAccessorImpl.java:43)
	at java.lang.reflect.Method.invoke(Method.java:498)
	at org.junit.internal.runners.ClassRoadie.runAfters(ClassRoadie.java:65)
	at org.junit.internal.runners.ClassRoadie.runProtected(ClassRoadie.java:40)
	at org.junit.internal.runners.JUnit4ClassRunner.run(JUnit4ClassRunner.java:42)
	at org.apache.maven.surefire.junit4.JUnit4Provider.execute(JUnit4Provider.java:252)
	at org.apache.maven.surefire.junit4.JUnit4Provider.executeTestSet(JUnit4Provider.java:141)
	at org.apache.maven.surefire.junit4.JUnit4Provider.invoke(JUnit4Provider.java:112)
	at sun.reflect.NativeMethodAccessorImpl.invoke0(Native Method)
	at sun.reflect.NativeMethodAccessorImpl.invoke(NativeMethodAccessorImpl.java:62)
	at sun.reflect.DelegatingMethodAccessorImpl.invoke(DelegatingMethodAccessorImpl.java:43)
	at java.lang.reflect.Method.invoke(Method.java:498)
	at org.apache.maven.surefire.util.ReflectionUtils.invokeMethodWithArray(ReflectionUtils.java:189)
	at org.apache.maven.surefire.booter.ProviderFactory$ProviderProxy.invoke(ProviderFactory.java:165)
	at org.apache.maven.surefire.booter.ProviderFactory.invokeProvider(ProviderFactory.java:85)
	at org.apache.maven.surefire.booter.ForkedBooter.runSuitesInProcess(ForkedBooter.java:115)
	at org.apache.maven.surefire.booter.ForkedBooter.main(ForkedBooter.java:75)
</error>
  </testcase>
</testsuite>